[WARNING] Disabling enhanced local repository: using legacy is strongly discouraged to ensure build reproducibility.
[INFO] Scanning for projects...
[INFO] 
[INFO] Using the builder org.apache.maven.lifecycle.internal.builder.singlethreaded.SingleThreadedBuilder with a thread count of 1
[INFO]                                                                         
[INFO] ------------------------------------------------------------------------
[INFO] Building TESTES_INICIAIS ETL_SAD-0.1.0 (0.1,Job Designs) 0.1.0
[INFO] ------------------------------------------------------------------------
[INFO] 
[INFO] --- maven-resources-plugin:3.0.2:resources (default-resources) @ ETL_SAD ---
[WARNING] Using platform encoding (UTF-8 actually) to copy filtered resources, i.e. build is platform dependent!
[INFO] Copying 1 resource
[INFO] 
[INFO] --- maven-compiler-plugin:3.6.1:compile (default-compile) @ ETL_SAD ---
[INFO] Not compiling main sources
[INFO] 
[INFO] --- maven-resources-plugin:3.0.2:testResources (default-testResources) @ ETL_SAD ---
[INFO] Not copying test resources
[INFO] 
[INFO] --- maven-compiler-plugin:3.6.1:testCompile (default-testCompile) @ ETL_SAD ---
[INFO] Not compiling test sources
[INFO] 
[INFO] --- maven-surefire-plugin:2.20:test (default-test) @ ETL_SAD ---
[INFO] Tests are skipped.
[INFO] 
[INFO] --- maven-jar-plugin:3.0.2:jar (default-jar) @ ETL_SAD ---
[INFO] Building jar: C:\Users\icaro.prado\Documents\Talend\TOS_DI-20180411_1414-V7.0.1\workspace\TESTES_INICIAIS\poms\jobs\process\etl_sad_0.1\target\etl_sad_0_1.jar
[INFO] 
[INFO] --- maven-assembly-plugin:3.0.0:single (default) @ ETL_SAD ---
[INFO] Reading assembly descriptor: C:\Users\icaro.prado\Documents\Talend\TOS_DI-20180411_1414-V7.0.1\workspace\TESTES_INICIAIS\poms\jobs\process\etl_sad_0.1/src/main/assemblies/assembly.xml
[WARNING] The following patterns were never triggered in this artifact inclusion filter:
o  'null:null'

[INFO] Building zip: C:\Users\icaro.prado\Documents\Talend\TOS_DI-20180411_1414-V7.0.1\workspace\TESTES_INICIAIS\poms\jobs\process\etl_sad_0.1\target\etl_sad_0_1.zip
[INFO] ------------------------------------------------------------------------
[INFO] BUILD SUCCESS
[INFO] ------------------------------------------------------------------------
[INFO] Total time: 2.650 s
[INFO] Finished at: 2018-08-17T16:52:32-03:00
[INFO] Final Memory: 14M/223M
[INFO] ------------------------------------------------------------------------
